<?xml version="1.0" encoding="UTF-8"?>
<robot generator="Robot 3.2.2 (Python 3.7.0 on darwin)" generated="20210309 16:53:15.876" rpa="false">
<suite id="s1" name="Main" source="/Users/msuresh/PycharmProjects/automationdemo/tests/main.robot">
<test id="s1-t1">
<tags>
<tag>WebsiteAccess</tag>
</tags>
<status status="FAIL" starttime="20210309 16:53:16.152" endtime="20210309 16:53:16.152" critical="yes">Test case name cannot be empty.</status>
</test>
<test id="s1-t2" name="Verify user is able to register with valid credentials">
<kw name="Navigate To Website" library="demo">
<arguments>
<arg>${Website}</arg>
<arg>${BROWSER}</arg>
</arguments>
<kw name="Navigate to test website" library="SiteEntry">
<arguments>
<arg>${Website}</arg>
<arg>${BROWSER}</arg>
</arguments>
<kw name="Open Browser" library="SeleniumLibrary">
<doc>Opens a new browser instance to the optional ``url``.</doc>
<arguments>
<arg>${Website}</arg>
<arg>${BROWSER}</arg>
</arguments>
<msg timestamp="20210309 16:53:16.154" level="INFO">Opening browser 'Chrome' to base url 'http://automationpractice.com/index.php'.</msg>
<status status="PASS" starttime="20210309 16:53:16.154" endtime="20210309 16:53:20.994"></status>
</kw>
<status status="PASS" starttime="20210309 16:53:16.154" endtime="20210309 16:53:20.995"></status>
</kw>
<status status="PASS" starttime="20210309 16:53:16.153" endtime="20210309 16:53:20.995"></status>
</kw>
<kw name="verify the site has content" library="demo">
<kw name="Verify the content" library="SiteEntry">
<kw name="Wait Until Element Is Visible" library="SeleniumLibrary">
<doc>Waits until the element ``locator`` is visible.</doc>
<arguments>
<arg>css:img.logo</arg>
</arguments>
<status status="PASS" starttime="20210309 16:53:20.996" endtime="20210309 16:53:21.035"></status>
</kw>
<kw name="Page Should Contain Element" library="SeleniumLibrary">
<doc>Verifies that element ``locator`` is found on the current page.</doc>
<arguments>
<arg>css:img.logo</arg>
</arguments>
<msg timestamp="20210309 16:53:21.041" level="INFO">Current page contains element 'css:img.logo'.</msg>
<status status="PASS" starttime="20210309 16:53:21.035" endtime="20210309 16:53:21.041"></status>
</kw>
<kw name="Page Should Contain Element" library="SeleniumLibrary">
<doc>Verifies that element ``locator`` is found on the current page.</doc>
<arguments>
<arg>css:input[class^=search_query]</arg>
</arguments>
<msg timestamp="20210309 16:53:21.051" level="INFO">Current page contains element 'css:input[class^=search_query]'.</msg>
<status status="PASS" starttime="20210309 16:53:21.041" endtime="20210309 16:53:21.051"></status>
</kw>
<status status="PASS" starttime="20210309 16:53:20.996" endtime="20210309 16:53:21.051"></status>
</kw>
<status status="PASS" starttime="20210309 16:53:20.995" endtime="20210309 16:53:21.051"></status>
</kw>
<kw name="Navigate to login screen" library="demo">
<kw name="Click Element" library="SeleniumLibrary">
<doc>Click the element identified by ``locator``.</doc>
<arguments>
<arg>css:a[class^=login]</arg>
</arguments>
<msg timestamp="20210309 16:53:21.052" level="INFO">Clicking element 'css:a[class^=login]'.</msg>
<status status="PASS" starttime="20210309 16:53:21.052" endtime="20210309 16:53:22.440"></status>
</kw>
<kw name="Page Should Contain Element" library="SeleniumLibrary">
<doc>Verifies that element ``locator`` is found on the current page.</doc>
<arguments>
<arg>css=#email_create</arg>
</arguments>
<msg timestamp="20210309 16:53:22.455" level="INFO">Current page contains element 'css=#email_create'.</msg>
<status status="PASS" starttime="20210309 16:53:22.440" endtime="20210309 16:53:22.455"></status>
</kw>
<status status="PASS" starttime="20210309 16:53:21.052" endtime="20210309 16:53:22.456"></status>
</kw>
<kw name="Verify user can register with valid data" library="demo">
<kw name="Input Text" library="SeleniumLibrary">
<doc>Types the given ``text`` into the text field identified by ``locator``.</doc>
<arguments>
<arg>css=#email_create</arg>
<arg>${valide_email}</arg>
</arguments>
<msg timestamp="20210309 16:53:22.456" level="INFO">Typing text 'FakerLibrary.email' into text field 'css=#email_create'.</msg>
<status status="PASS" starttime="20210309 16:53:22.456" endtime="20210309 16:53:22.642"></status>
</kw>
<kw name="Click Element" library="SeleniumLibrary">
<doc>Click the element identified by ``locator``.</doc>
<arguments>
<arg>css=#SubmitCreate</arg>
</arguments>
<msg timestamp="20210309 16:53:22.643" level="INFO">Clicking element 'css=#SubmitCreate'.</msg>
<status status="PASS" starttime="20210309 16:53:22.642" endtime="20210309 16:53:22.692"></status>
</kw>
<kw name="Wait Until Page Contains" library="SeleniumLibrary">
<doc>Waits until ``text`` appears on the current page.</doc>
<arguments>
<arg>Your personal information</arg>
</arguments>
<kw name="Capture Page Screenshot" library="SeleniumLibrary">
<doc>Takes a screenshot of the current page and embeds it into a log file.</doc>
<msg timestamp="20210309 16:53:28.308" level="INFO" html="yes">&lt;/td&gt;&lt;/tr&gt;&lt;tr&gt;&lt;td colspan="3"&gt;&lt;a href="selenium-screenshot-32.png"&gt;&lt;img src="selenium-screenshot-32.png" width="800px"&gt;&lt;/a&gt;</msg>
<status status="PASS" starttime="20210309 16:53:27.739" endtime="20210309 16:53:28.308"></status>
</kw>
<msg timestamp="20210309 16:53:28.312" level="FAIL">Text 'Your personal information' did not appear in 5 seconds.</msg>
<status status="FAIL" starttime="20210309 16:53:22.693" endtime="20210309 16:53:28.312"></status>
</kw>
<status status="FAIL" starttime="20210309 16:53:22.456" endtime="20210309 16:53:28.312"></status>
</kw>
<status status="FAIL" starttime="20210309 16:53:16.153" endtime="20210309 16:53:28.312" critical="yes">Text 'Your personal information' did not appear in 5 seconds.</status>
</test>
<doc>This test covers basic features for the website regression test</doc>
<status status="FAIL" starttime="20210309 16:53:15.878" endtime="20210309 16:53:28.313"></status>
</suite>
<statistics>
<total>
<stat pass="0" fail="2">Critical Tests</stat>
<stat pass="0" fail="2">All Tests</stat>
</total>
<tag>
<stat pass="0" fail="1">WebsiteAccess</stat>
</tag>
<suite>
<stat pass="0" fail="2" id="s1" name="Main">Main</stat>
</suite>
</statistics>
<errors>
<msg timestamp="20210309 16:53:15.872" level="ERROR">Error in file '/Users/msuresh/PycharmProjects/automationdemo/tests/main.robot' on line 21: Setting 'Tags' is allowed only once. Only the first value is used.</msg>
<msg timestamp="20210309 16:53:16.122" level="ERROR">Error in file '/Users/msuresh/PycharmProjects/automationdemo/tests/main.robot' on line 4: Importing test library 'FakerLibrary' failed: ModuleNotFoundError: No module named 'FakerLibrary'
Traceback (most recent call last):
  None
PYTHONPATH:
  /Users/msuresh/PycharmProjects/automationdemo/venv/bin
  /Library/Frameworks/Python.framework/Versions/3.7/lib/python37.zip
  /Library/Frameworks/Python.framework/Versions/3.7/lib/python3.7
  /Library/Frameworks/Python.framework/Versions/3.7/lib/python3.7/lib-dynload
  /Users/msuresh/PycharmProjects/automationdemo/venv/lib/python3.7/site-packages
  /Users/msuresh/PycharmProjects/automationdemo/venv/lib/python3.7/site-packages/setuptools-40.8.0-py3.7.egg
  /Users/msuresh/PycharmProjects/automationdemo/venv/lib/python3.7/site-packages/pip-19.0.3-py3.7.egg</msg>
<msg timestamp="20210309 16:53:16.126" level="ERROR">Error in file '/Users/msuresh/PycharmProjects/automationdemo/resources/demo.robot' on line 4: Importing test library 'FakerLibrary' failed: ModuleNotFoundError: No module named 'FakerLibrary'
Traceback (most recent call last):
  None
PYTHONPATH:
  /Users/msuresh/PycharmProjects/automationdemo/venv/bin
  /Library/Frameworks/Python.framework/Versions/3.7/lib/python37.zip
  /Library/Frameworks/Python.framework/Versions/3.7/lib/python3.7
  /Library/Frameworks/Python.framework/Versions/3.7/lib/python3.7/lib-dynload
  /Users/msuresh/PycharmProjects/automationdemo/venv/lib/python3.7/site-packages
  /Users/msuresh/PycharmProjects/automationdemo/venv/lib/python3.7/site-packages/setuptools-40.8.0-py3.7.egg
  /Users/msuresh/PycharmProjects/automationdemo/venv/lib/python3.7/site-packages/pip-19.0.3-py3.7.egg</msg>
<msg timestamp="20210309 16:53:16.128" level="ERROR">Error in file '/Users/msuresh/PycharmProjects/automationdemo/resources/po/SiteEntry.robot' on line 3: Importing test library 'DatabaseLibrary' failed: ModuleNotFoundError: No module named 'DatabaseLibrary'
Traceback (most recent call last):
  None
PYTHONPATH:
  /Users/msuresh/PycharmProjects/automationdemo/venv/bin
  /Library/Frameworks/Python.framework/Versions/3.7/lib/python37.zip
  /Library/Frameworks/Python.framework/Versions/3.7/lib/python3.7
  /Library/Frameworks/Python.framework/Versions/3.7/lib/python3.7/lib-dynload
  /Users/msuresh/PycharmProjects/automationdemo/venv/lib/python3.7/site-packages
  /Users/msuresh/PycharmProjects/automationdemo/venv/lib/python3.7/site-packages/setuptools-40.8.0-py3.7.egg
  /Users/msuresh/PycharmProjects/automationdemo/venv/lib/python3.7/site-packages/pip-19.0.3-py3.7.egg</msg>
<msg timestamp="20210309 16:53:16.129" level="ERROR">Error in file '/Users/msuresh/PycharmProjects/automationdemo/resources/po/SiteEntry.robot' on line 4: Importing test library 'FakerLibrary' failed: ModuleNotFoundError: No module named 'FakerLibrary'
Traceback (most recent call last):
  None
PYTHONPATH:
  /Users/msuresh/PycharmProjects/automationdemo/venv/bin
  /Library/Frameworks/Python.framework/Versions/3.7/lib/python37.zip
  /Library/Frameworks/Python.framework/Versions/3.7/lib/python3.7
  /Library/Frameworks/Python.framework/Versions/3.7/lib/python3.7/lib-dynload
  /Users/msuresh/PycharmProjects/automationdemo/venv/lib/python3.7/site-packages
  /Users/msuresh/PycharmProjects/automationdemo/venv/lib/python3.7/site-packages/setuptools-40.8.0-py3.7.egg
  /Users/msuresh/PycharmProjects/automationdemo/venv/lib/python3.7/site-packages/pip-19.0.3-py3.7.egg</msg>
<msg timestamp="20210309 16:53:16.133" level="ERROR">Error in file '/Users/msuresh/PycharmProjects/automationdemo/resources/po/SiteEntry.robot' on line 5: Importing test library '/Users/msuresh/PycharmProjects/automationdemo/resources/custom_libs/fakeData.py' failed: ModuleNotFoundError: No module named 'barnum'
Traceback (most recent call last):
  File "/Users/msuresh/PycharmProjects/automationdemo/resources/custom_libs/fakeData.py", line 1, in &lt;module&gt;
    import barnum
PYTHONPATH:
  /Users/msuresh/PycharmProjects/automationdemo/venv/bin
  /Library/Frameworks/Python.framework/Versions/3.7/lib/python37.zip
  /Library/Frameworks/Python.framework/Versions/3.7/lib/python3.7
  /Library/Frameworks/Python.framework/Versions/3.7/lib/python3.7/lib-dynload
  /Users/msuresh/PycharmProjects/automationdemo/venv/lib/python3.7/site-packages
  /Users/msuresh/PycharmProjects/automationdemo/venv/lib/python3.7/site-packages/setuptools-40.8.0-py3.7.egg
  /Users/msuresh/PycharmProjects/automationdemo/venv/lib/python3.7/site-packages/pip-19.0.3-py3.7.egg</msg>
<msg timestamp="20210309 16:53:16.146" level="ERROR">Error in file '/Users/msuresh/PycharmProjects/automationdemo/resources/common.robot' on line 4: Importing test library 'DatabaseLibrary' failed: ModuleNotFoundError: No module named 'DatabaseLibrary'
Traceback (most recent call last):
  None
PYTHONPATH:
  /Users/msuresh/PycharmProjects/automationdemo/venv/bin
  /Library/Frameworks/Python.framework/Versions/3.7/lib/python37.zip
  /Library/Frameworks/Python.framework/Versions/3.7/lib/python3.7
  /Library/Frameworks/Python.framework/Versions/3.7/lib/python3.7/lib-dynload
  /Users/msuresh/PycharmProjects/automationdemo/venv/lib/python3.7/site-packages
  /Users/msuresh/PycharmProjects/automationdemo/venv/lib/python3.7/site-packages/setuptools-40.8.0-py3.7.egg
  /Users/msuresh/PycharmProjects/automationdemo/venv/lib/python3.7/site-packages/pip-19.0.3-py3.7.egg</msg>
<msg timestamp="20210309 16:53:16.146" level="ERROR">Error in file '/Users/msuresh/PycharmProjects/automationdemo/resources/common.robot' on line 5: Resource file '../data/environment.robot' does not exist.</msg>
<msg timestamp="20210309 16:53:16.151" level="ERROR">Error in file '/Users/msuresh/PycharmProjects/automationdemo/resources/common.robot' on line 7: Test library 'custom_libs/browserstack.py' does not exist.</msg>
</errors>
</robot>
